<?xml version="1.0" encoding="UTF-8"?>
<!-- Generated by org.testng.reporters.JUnitReportReporter -->
<testsuite hostname="hp" failures="0" tests="4" name="tests.HomePageTests" time="42.649" errors="0" timestamp="2026-02-17T18:05:55 IST" skipped="0">
  <testcase classname="tests.HomePageTests" name="testHomePageLoad" time="16.482"/>
  <testcase classname="tests.HomePageTests" name="testNavigationLinks" time="9.861"/>
  <testcase classname="tests.HomePageTests" name="testHeroSection" time="7.999"/>
  <testcase classname="tests.HomePageTests" name="testUrlStructure" time="8.307"/>
</testsuite> <!-- tests.HomePageTests -->
