<?xml version="1.0" encoding="UTF-8"?>
<!-- Generated by org.testng.reporters.JUnitReportReporter -->
<testsuite hostname="hp" failures="0" tests="10" name="tests.SignUpTests" time="216.932" errors="0" timestamp="2026-02-17T19:42:21 IST" skipped="0">
  <testcase classname="tests.SignUpTests" name="testSignUpPageLoad" time="15.638"/>
  <testcase classname="tests.SignUpTests" name="testFormFieldsPresent" time="20.707"/>
  <testcase classname="tests.SignUpTests" name="testPlansDisplayed" time="18.067"/>
  <testcase classname="tests.SignUpTests" name="testValidSignUp" time="38.863"/>
  <testcase classname="tests.SignUpTests" name="testInvalidEmailSignUp" time="25.658"/>
  <testcase classname="tests.SignUpTests" name="testEmptySignUp" time="19.785"/>
  <testcase classname="tests.SignUpTests" name="testPasswordMismatch" time="21.941"/>
  <testcase classname="tests.SignUpTests" name="testSignInLink" time="17.126"/>
  <testcase classname="tests.SignUpTests" name="testOptionalCompanyField" time="17.578"/>
  <testcase classname="tests.SignUpTests" name="testSelectDiamondPlan" time="21.569"/>
</testsuite> <!-- tests.SignUpTests -->
