<?xml version="1.0" encoding="UTF-8"?>
<!-- Generated by org.testng.reporters.JUnitReportReporter -->
<testsuite hostname="hp" failures="0" tests="7" name="tests.PricingTests" time="128.001" errors="0" timestamp="2026-02-17T18:35:45 IST" skipped="0">
  <testcase classname="tests.PricingTests" name="testPricingPageLoad" time="14.194"/>
  <testcase classname="tests.PricingTests" name="testAllPlansDisplayed" time="14.495"/>
  <testcase classname="tests.PricingTests" name="testPricingTabs" time="18.998"/>
  <testcase classname="tests.PricingTests" name="testCurrencyToggle" time="22.787"/>
  <testcase classname="tests.PricingTests" name="testPlanFeaturesTable" time="20.694"/>
  <testcase classname="tests.PricingTests" name="testAddOnServicesTab" time="24.102"/>
  <testcase classname="tests.PricingTests" name="testWhatsappButtons" time="12.731"/>
</testsuite> <!-- tests.PricingTests -->
