<?xml version="1.0" encoding="UTF-8"?>
<!-- Generated by org.testng.reporters.JUnitReportReporter -->
<testsuite hostname="hp" failures="0" tests="10" name="tests.DemoRequestTests" time="281.668" errors="0" timestamp="2026-02-17T22:23:48 IST" skipped="0">
  <testcase classname="tests.DemoRequestTests" name="testDemoPageLoad" time="24.777"/>
  <testcase classname="tests.DemoRequestTests" name="testFormFieldsPresent" time="23.697"/>
  <testcase classname="tests.DemoRequestTests" name="testValidDemoRequest" time="33.476"/>
  <testcase classname="tests.DemoRequestTests" name="testEmptyDemoForm" time="23.599"/>
  <testcase classname="tests.DemoRequestTests" name="testInvalidEmailDemo" time="26.448"/>
  <testcase classname="tests.DemoRequestTests" name="testFirstNameValidation" time="55.630"/>
  <testcase classname="tests.DemoRequestTests" name="testRequiredFieldsOnly" time="25.960"/>
  <testcase classname="tests.DemoRequestTests" name="testPageTitle" time="22.702"/>
  <testcase classname="tests.DemoRequestTests" name="testMobileField" time="23.035"/>
  <testcase classname="tests.DemoRequestTests" name="testMessageField" time="22.344"/>
</testsuite> <!-- tests.DemoRequestTests -->
