<?xml version="1.0" encoding="UTF-8"?>
<!-- Generated by org.testng.reporters.JUnitReportReporter -->
<testsuite hostname="hp" failures="0" tests="3" name="tests.ContactUsTests" time="46.177" errors="0" timestamp="2026-02-17T18:14:13 IST" skipped="0">
  <testcase classname="tests.ContactUsTests" name="testContactPageLoad" time="11.320"/>
  <testcase classname="tests.ContactUsTests" name="testValidContactSubmission" time="17.946"/>
  <testcase classname="tests.ContactUsTests" name="testInvalidEmailContact" time="16.911"/>
</testsuite> <!-- tests.ContactUsTests -->
