<?xml version="1.0" encoding="UTF-8"?>
<!-- Generated by org.testng.reporters.JUnitXMLReporter -->
<testsuite ignored="0" hostname="hp" failures="0" tests="2" name="E2E Workflow Tests" time="0.023" errors="0" timestamp="2026-02-17T14:24:47 IST">
  <testcase classname="tests.E2EWorkflowTests" name="testCompleteUserJourney" time="0.0">
    <skipped/>
  </testcase> <!-- testCompleteUserJourney -->
  <testcase classname="tests.E2EWorkflowTests" name="testContactInquiryJourney" time="0.0">
    <skipped/>
  </testcase> <!-- testContactInquiryJourney -->
</testsuite> <!-- E2E Workflow Tests -->
