<?xml version="1.0" encoding="UTF-8"?>
<!-- Generated by org.testng.reporters.JUnitXMLReporter -->
<testsuite ignored="0" hostname="hp" failures="0" tests="4" name="Login Tests" time="0.06" errors="0" timestamp="2026-02-17T14:24:47 IST">
  <testcase classname="tests.LoginTests" name="testLoginPageLoad" time="0.0">
    <skipped/>
  </testcase> <!-- testLoginPageLoad -->
  <testcase classname="tests.LoginTests" name="testForgotPasswordLink" time="0.0">
    <skipped/>
  </testcase> <!-- testForgotPasswordLink -->
  <testcase classname="tests.LoginTests" name="testLoginAttempt" time="0.0">
    <skipped/>
  </testcase> <!-- testLoginAttempt -->
  <testcase classname="tests.LoginTests" name="testEmptyLogin" time="0.0">
    <skipped/>
  </testcase> <!-- testEmptyLogin -->
</testsuite> <!-- Login Tests -->
