<?xml version="1.0" encoding="UTF-8"?>
<!-- Generated by org.testng.reporters.JUnitXMLReporter -->
<testsuite ignored="0" hostname="hp" failures="0" tests="3" name="Pricing Tests" time="0.052" errors="0" timestamp="2026-02-17T14:24:46 IST">
  <testcase classname="tests.PricingTests" name="testPricingPageLoad" time="0.0">
    <skipped/>
  </testcase> <!-- testPricingPageLoad -->
  <testcase classname="tests.PricingTests" name="testPricingPlans" time="0.0">
    <skipped/>
  </testcase> <!-- testPricingPlans -->
  <testcase classname="tests.PricingTests" name="testCTAButtons" time="0.0">
    <skipped/>
  </testcase> <!-- testCTAButtons -->
</testsuite> <!-- Pricing Tests -->
